<?xml version="1.0" encoding="UTF-8"?>
<testng-results ignored="0" total="1" passed="1" failed="0" skipped="0">
  <reporter-output>
  </reporter-output>
  <suite started-at="2024-02-26T19:52:05 IST" name="Default suite" finished-at="2024-02-26T19:52:07 IST" duration-ms="2230">
    <groups>
    </groups>
    <test started-at="2024-02-26T19:52:05 IST" name="Default test" finished-at="2024-02-26T19:52:07 IST" duration-ms="2230">
      <class name="com.qc.pom.tests.POMTest">
        <test-method is-config="true" signature="doSetup()[pri:0, instance:com.qc.pom.tests.POMTest@1ab3a8c8]" started-at="2024-02-26T19:52:00 IST" name="doSetup" finished-at="2024-02-26T19:52:05 IST" duration-ms="5258" status="PASS">
          <reporter-output>
          </reporter-output>
        </test-method> <!-- doSetup -->
        <test-method signature="doLogin()[pri:0, instance:com.qc.pom.tests.POMTest@1ab3a8c8]" started-at="2024-02-26T19:52:05 IST" name="doLogin" finished-at="2024-02-26T19:52:07 IST" duration-ms="2145" status="PASS">
          <reporter-output>
          </reporter-output>
        </test-method> <!-- doLogin -->
        <test-method is-config="true" signature="tearDown()[pri:0, instance:com.qc.pom.tests.POMTest@1ab3a8c8]" started-at="2024-02-26T19:52:07 IST" name="tearDown" finished-at="2024-02-26T19:52:08 IST" duration-ms="467" status="PASS">
          <reporter-output>
          </reporter-output>
        </test-method> <!-- tearDown -->
      </class> <!-- com.qc.pom.tests.POMTest -->
    </test> <!-- Default test -->
  </suite> <!-- Default suite -->
</testng-results>
